<?xml version="1.0" encoding="UTF-8"?>
<testsuite xmlns:xsi="http://www.w3.org/2001/XMLSchema-instance" xsi:noNamespaceSchemaLocation="https://maven.apache.org/surefire/maven-surefire-plugin/xsd/surefire-test-report-3.0.xsd" version="3.0" name="healthcalc.HealthCalcTest" time="0.261" tests="22" errors="0" skipped="0" failures="0">
  <properties>
    <property name="java.specification.version" value="21"/>
    <property name="sun.cpu.isalist" value="amd64"/>
    <property name="sun.jnu.encoding" value="Cp1252"/>
    <property name="java.class.path" value="C:\Users\jismb\OneDrive\Documentos\isa2024-healthcalc\target\test-classes;C:\Users\jismb\OneDrive\Documentos\isa2024-healthcalc\target\classes;C:\Users\jismb\.m2\repository\org\junit\jupiter\junit-jupiter\5.10.2\junit-jupiter-5.10.2.jar;C:\Users\jismb\.m2\repository\org\junit\jupiter\junit-jupiter-api\5.10.2\junit-jupiter-api-5.10.2.jar;C:\Users\jismb\.m2\repository\org\opentest4j\opentest4j\1.3.0\opentest4j-1.3.0.jar;C:\Users\jismb\.m2\repository\org\junit\platform\junit-platform-commons\1.10.2\junit-platform-commons-1.10.2.jar;C:\Users\jismb\.m2\repository\org\apiguardian\apiguardian-api\1.1.2\apiguardian-api-1.1.2.jar;C:\Users\jismb\.m2\repository\org\junit\jupiter\junit-jupiter-params\5.10.2\junit-jupiter-params-5.10.2.jar;C:\Users\jismb\.m2\repository\org\junit\jupiter\junit-jupiter-engine\5.10.2\junit-jupiter-engine-5.10.2.jar;C:\Users\jismb\.m2\repository\org\junit\platform\junit-platform-engine\1.10.2\junit-platform-engine-1.10.2.jar;"/>
    <property name="java.vm.vendor" value="Oracle Corporation"/>
    <property name="sun.arch.data.model" value="64"/>
    <property name="user.variant" value=""/>
    <property name="java.vendor.url" value="https://java.oracle.com/"/>
    <property name="user.timezone" value="Europe/Madrid"/>
    <property name="os.name" value="Windows 10"/>
    <property name="java.vm.specification.version" value="21"/>
    <property name="sun.java.launcher" value="SUN_STANDARD"/>
    <property name="user.country" value="ES"/>
    <property name="sun.boot.library.path" value="C:\Program Files\Java\jdk-21\bin"/>
    <property name="sun.java.command" value="C:\Users\jismb\AppData\Local\Temp\surefire9345673034351164542\surefirebooter-20240411231354250_3.jar C:\Users\jismb\AppData\Local\Temp\surefire9345673034351164542 2024-04-11T23-13-53_882-jvmRun1 surefire-20240411231354250_1tmp surefire_0-20240411231354250_2tmp"/>
    <property name="jdk.debug" value="release"/>
    <property name="surefire.test.class.path" value="C:\Users\jismb\OneDrive\Documentos\isa2024-healthcalc\target\test-classes;C:\Users\jismb\OneDrive\Documentos\isa2024-healthcalc\target\classes;C:\Users\jismb\.m2\repository\org\junit\jupiter\junit-jupiter\5.10.2\junit-jupiter-5.10.2.jar;C:\Users\jismb\.m2\repository\org\junit\jupiter\junit-jupiter-api\5.10.2\junit-jupiter-api-5.10.2.jar;C:\Users\jismb\.m2\repository\org\opentest4j\opentest4j\1.3.0\opentest4j-1.3.0.jar;C:\Users\jismb\.m2\repository\org\junit\platform\junit-platform-commons\1.10.2\junit-platform-commons-1.10.2.jar;C:\Users\jismb\.m2\repository\org\apiguardian\apiguardian-api\1.1.2\apiguardian-api-1.1.2.jar;C:\Users\jismb\.m2\repository\org\junit\jupiter\junit-jupiter-params\5.10.2\junit-jupiter-params-5.10.2.jar;C:\Users\jismb\.m2\repository\org\junit\jupiter\junit-jupiter-engine\5.10.2\junit-jupiter-engine-5.10.2.jar;C:\Users\jismb\.m2\repository\org\junit\platform\junit-platform-engine\1.10.2\junit-platform-engine-1.10.2.jar;"/>
    <property name="sun.cpu.endian" value="little"/>
    <property name="user.home" value="C:\Users\jismb"/>
    <property name="user.language" value="es"/>
    <property name="java.specification.vendor" value="Oracle Corporation"/>
    <property name="java.version.date" value="2023-10-17"/>
    <property name="java.home" value="C:\Program Files\Java\jdk-21"/>
    <property name="file.separator" value="\"/>
    <property name="basedir" value="C:\Users\jismb\OneDrive\Documentos\isa2024-healthcalc"/>
    <property name="java.vm.compressedOopsMode" value="32-bit"/>
    <property name="line.separator" value="&#10;"/>
    <property name="java.vm.specification.vendor" value="Oracle Corporation"/>
    <property name="java.specification.name" value="Java Platform API Specification"/>
    <property name="surefire.real.class.path" value="C:\Users\jismb\AppData\Local\Temp\surefire9345673034351164542\surefirebooter-20240411231354250_3.jar"/>
    <property name="user.script" value=""/>
    <property name="sun.management.compiler" value="HotSpot 64-Bit Tiered Compilers"/>
    <property name="java.runtime.version" value="21.0.1+12-LTS-29"/>
    <property name="user.name" value="jismb"/>
    <property name="stdout.encoding" value="Cp1252"/>
    <property name="path.separator" value=";"/>
    <property name="os.version" value="10.0"/>
    <property name="java.runtime.name" value="Java(TM) SE Runtime Environment"/>
    <property name="file.encoding" value="UTF-8"/>
    <property name="java.vm.name" value="Java HotSpot(TM) 64-Bit Server VM"/>
    <property name="localRepository" value="C:\Users\jismb\.m2\repository"/>
    <property name="java.vendor.url.bug" value="https://bugreport.java.com/bugreport/"/>
    <property name="java.io.tmpdir" value="C:\Users\jismb\AppData\Local\Temp\"/>
    <property name="java.version" value="21.0.1"/>
    <property name="user.dir" value="C:\Users\jismb\OneDrive\Documentos\isa2024-healthcalc"/>
    <property name="os.arch" value="amd64"/>
    <property name="java.vm.specification.name" value="Java Virtual Machine Specification"/>
    <property name="sun.os.patch.level" value=""/>
    <property name="native.encoding" value="Cp1252"/>
    <property name="java.library.path" value="C:\Program Files\Java\jdk-21\bin;C:\WINDOWS\Sun\Java\bin;C:\WINDOWS\system32;C:\WINDOWS;C:\Program Files\Common Files\Oracle\Java\javapath;C:\WINDOWS\system32;C:\WINDOWS;C:\WINDOWS\System32\Wbem;C:\WINDOWS\System32\WindowsPowerShell\v1.0\;C:\WINDOWS\System32\OpenSSH\;C:\Program Files\MATLAB\R2022b\bin;C:\apache-maven-3.9.5\bin;C:\SoftAvan\Git\cmd;C:\Program Files\Docker\Docker\resources\bin;C:\Users\jismb\AppData\Local\Programs\Quarto\bin;C:\Users\jismb\AppData\Local\Microsoft\WindowsApps;C:\Users\jismb\AppData\Local\Programs\Microsoft VS Code\bin;C:\Users\jismb\AppData\Local\GitHubDesktop\bin;."/>
    <property name="java.vm.info" value="mixed mode, sharing"/>
    <property name="stderr.encoding" value="Cp1252"/>
    <property name="java.vendor" value="Oracle Corporation"/>
    <property name="java.vm.version" value="21.0.1+12-LTS-29"/>
    <property name="sun.io.unicode.encoding" value="UnicodeLittle"/>
    <property name="java.class.version" value="65.0"/>
  </properties>
  <testcase name="testbasalMetabolicRateNegativoMujer" classname="healthcalc.HealthCalcTest" time="0.064"/>
  <testcase name="testPesoIdealNegativoHombre" classname="healthcalc.HealthCalcTest" time="0.003"/>
  <testcase name="testEdadNegativaBasalMetabolicRate" classname="healthcalc.HealthCalcTest" time="0.002"/>
  <testcase name="testGeneroNoValidoIdealWeight" classname="healthcalc.HealthCalcTest" time="0.009"/>
  <testcase name="testAlturaNegativaIdealWeight" classname="healthcalc.HealthCalcTest" time="0.003"/>
  <testcase name="testbasalMetabolicRateNegativoHombre" classname="healthcalc.HealthCalcTest" time="0.003"/>
  <testcase name="testAlturaOverflowBasalMetabolicRate" classname="healthcalc.HealthCalcTest" time="0.012"/>
  <testcase name="testAlturaOverflowIdealWeight" classname="healthcalc.HealthCalcTest" time="0.005"/>
  <testcase name="testAlturaCeroIdealWeight" classname="healthcalc.HealthCalcTest" time="0.003"/>
  <testcase name="testAlturaNegativaBasalMetabolicRate" classname="healthcalc.HealthCalcTest" time="0.004"/>
  <testcase name="testPesoCeroBasalMetabolicRate" classname="healthcalc.HealthCalcTest" time="0.004"/>
  <testcase name="testAlturaCeroBasalMetabolicRate" classname="healthcalc.HealthCalcTest" time="0.004"/>
  <testcase name="testPesoIdealMujer" classname="healthcalc.HealthCalcTest" time="0.004"/>
  <testcase name="testPesoOverflowBasalMetabolicRate" classname="healthcalc.HealthCalcTest" time="0.006"/>
  <testcase name="testPesoIdealNegativoMujer" classname="healthcalc.HealthCalcTest" time="0.002"/>
  <testcase name="testGeneroNoValidoBasalMetabolicRate" classname="healthcalc.HealthCalcTest" time="0.002"/>
  <testcase name="testMetabolismoBasalMujer" classname="healthcalc.HealthCalcTest" time="0.001"/>
  <testcase name="testPesoNegativoBasalMetabolicRate" classname="healthcalc.HealthCalcTest" time="0.003"/>
  <testcase name="testEdadCeroBasalMetabolicRate" classname="healthcalc.HealthCalcTest" time="0.003"/>
  <testcase name="testEdadOverflowBasalMetabolicRate" classname="healthcalc.HealthCalcTest" time="0.002"/>
  <testcase name="testPesoIdealHombre" classname="healthcalc.HealthCalcTest" time="0.002"/>
  <testcase name="testMetabolismoBasalHombre" classname="healthcalc.HealthCalcTest" time="0.003"/>
</testsuite>